<?xml version="1.0" encoding="UTF-8" ?>
<testsuites>
  <testsuite failures="0" hostname="ibm-deepakagrawal" id="0" name="Traning1/tests" package="" skipped="0" tests="1" time="0.046" timestamp="Wed Aug 28 13:09:15 IST 2024">
	    <properties>
		      <property name="excludeCallableTestCases" value="false" />

		      <property name="testEnvironment" value="NewTest" />

		      <property name="pluginOutputLevel" value="FINEST" />

		      <property name="projectPath" value=".." />

		      <property name="salesforceMetadataCache" value="Reuse" />

		      <property name="resultsPathDisposition" value="Increment" />

		      <property name="testOutputLevel" value="FINEST" />

		      <property name="webBrowserType" value="Chrome" />

		      <property name="resultsPath" value="../ANT/Results" />

		      <property name="webBrowserConfiguration" value="Full Screen" />

		      <property name="projectCachePath" value="C:\Users\deepak.agrawal\Provar\Workspace1\Traning1\ANT\..\.provarCaches" />

	    </properties>

	    <testcase classname="tests/Test Case 21.testcase" name="Test Case 21.testcase" time="0.044">
	</testcase>

  </testsuite>
</testsuites>
